{"total": {"lines":{"total":121,"covered":118,"skipped":0,"pct":97.52},"statements":{"total":128,"covered":124,"skipped":0,"pct":96.87},"functions":{"total":37,"covered":36,"skipped":0,"pct":97.29},"branches":{"total":78,"covered":71,"skipped":0,"pct":91.02},"branchesTrue":{"total":0,"covered":0,"skipped":0,"pct":100}}
,"/home/runner/work/TSinjex/TSinjex/src/classes/TSinjex.ts": {"lines":{"total":19,"covered":19,"skipped":0,"pct":100},"functions":{"total":6,"covered":6,"skipped":0,"pct":100},"statements":{"total":21,"covered":21,"skipped":0,"pct":100},"branches":{"total":11,"covered":11,"skipped":0,"pct":100}}
,"/home/runner/work/TSinjex/TSinjex/src/decorators/Inject.ts": {"lines":{"total":29,"covered":28,"skipped":0,"pct":96.55},"functions":{"total":9,"covered":9,"skipped":0,"pct":100},"statements":{"total":30,"covered":29,"skipped":0,"pct":96.66},"branches":{"total":25,"covered":22,"skipped":0,"pct":88}}
,"/home/runner/work/TSinjex/TSinjex/src/decorators/Register.ts": {"lines":{"total":25,"covered":25,"skipped":0,"pct":100},"functions":{"total":8,"covered":8,"skipped":0,"pct":100},"statements":{"total":25,"covered":25,"skipped":0,"pct":100},"branches":{"total":11,"covered":10,"skipped":0,"pct":90.9}}
,"/home/runner/work/TSinjex/TSinjex/src/decorators/RegisterInstance.ts": {"lines":{"total":5,"covered":5,"skipped":0,"pct":100},"functions":{"total":1,"covered":1,"skipped":0,"pct":100},"statements":{"total":6,"covered":6,"skipped":0,"pct":100},"branches":{"total":4,"covered":4,"skipped":0,"pct":100}}
,"/home/runner/work/TSinjex/TSinjex/src/functions/inject.ts": {"lines":{"total":22,"covered":22,"skipped":0,"pct":100},"functions":{"total":6,"covered":6,"skipped":0,"pct":100},"statements":{"total":25,"covered":24,"skipped":0,"pct":96},"branches":{"total":27,"covered":24,"skipped":0,"pct":88.88}}
,"/home/runner/work/TSinjex/TSinjex/src/functions/register.ts": {"lines":{"total":3,"covered":3,"skipped":0,"pct":100},"functions":{"total":1,"covered":1,"skipped":0,"pct":100},"statements":{"total":3,"covered":3,"skipped":0,"pct":100},"branches":{"total":0,"covered":0,"skipped":0,"pct":100}}
,"/home/runner/work/TSinjex/TSinjex/src/functions/resolve.ts": {"lines":{"total":3,"covered":3,"skipped":0,"pct":100},"functions":{"total":1,"covered":1,"skipped":0,"pct":100},"statements":{"total":3,"covered":3,"skipped":0,"pct":100},"branches":{"total":0,"covered":0,"skipped":0,"pct":100}}
,"/home/runner/work/TSinjex/TSinjex/src/interfaces/Exceptions.ts": {"lines":{"total":15,"covered":13,"skipped":0,"pct":86.66},"functions":{"total":5,"covered":4,"skipped":0,"pct":80},"statements":{"total":15,"covered":13,"skipped":0,"pct":86.66},"branches":{"total":0,"covered":0,"skipped":0,"pct":100}}
}
