TN:
SF:TSinjex/src/classes/TSinjex.ts
FN:39,(anonymous_0)
FN:47,(anonymous_1)
FN:60,(anonymous_2)
FN:76,(anonymous_3)
FN:93,(anonymous_4)
FN:107,(anonymous_5)
FNF:6
FNH:6
FNDA:36,(anonymous_0)
FNDA:73,(anonymous_1)
FNDA:2,(anonymous_2)
FNDA:4,(anonymous_3)
FNDA:29,(anonymous_4)
FNDA:40,(anonymous_5)
DA:6,3
DA:7,3
DA:25,3
DA:34,36
DA:48,73
DA:49,36
DA:52,73
DA:65,2
DA:80,4
DA:98,29
DA:108,40
DA:110,40
DA:111,3
DA:112,37
DA:113,2
DA:116,35
DA:117,1
DA:120,1
DA:123,35
LF:19
LH:19
BRDA:48,0,0,36
BRDA:63,1,0,1
BRDA:78,2,0,3
BRDA:96,3,0,28
BRDA:107,4,0,16
BRDA:110,5,0,3
BRDA:110,5,1,37
BRDA:110,6,0,40
BRDA:110,6,1,33
BRDA:112,7,0,2
BRDA:116,8,0,1
BRF:11
BRH:11
end_of_record
TN:
SF:TSinjex/src/decorators/Inject.ts
FN:43,Inject
FN:48,(anonymous_1)
FN:54,(anonymous_2)
FN:59,(anonymous_3)
FN:63,(anonymous_4)
FN:72,(anonymous_5)
FN:74,(anonymous_6)
FN:121,tryAndCatch
FN:144,hasConstructor
FNF:9
FNH:9
FNDA:10,Inject
FNDA:10,(anonymous_1)
FNDA:10,(anonymous_2)
FNDA:10,(anonymous_3)
FNDA:10,(anonymous_4)
FNDA:2,(anonymous_5)
FNDA:1,(anonymous_6)
FNDA:13,tryAndCatch
FNDA:3,hasConstructor
DA:1,1
DA:2,1
DA:43,1
DA:48,10
DA:54,10
DA:55,10
DA:58,10
DA:62,10
DA:63,10
DA:69,9
DA:71,7
DA:72,2
DA:74,1
DA:77,7
DA:78,5
DA:79,3
DA:85,2
DA:86,1
DA:87,2
DA:88,1
DA:94,6
DA:101,6
DA:127,13
DA:128,13
DA:130,2
DA:131,2
DA:135,0
DA:145,3
DA:147,3
LF:29
LH:28
BRDA:46,0,0,7
BRDA:69,1,0,7
BRDA:69,1,1,2
BRDA:71,2,0,2
BRDA:71,2,1,5
BRDA:71,3,0,7
BRDA:71,3,1,2
BRDA:73,4,0,1
BRDA:73,4,1,4
BRDA:73,5,0,5
BRDA:73,5,1,3
BRDA:77,6,0,2
BRDA:77,6,1,5
BRDA:78,7,0,3
BRDA:78,7,1,2
BRDA:85,8,0,1
BRDA:87,9,0,1
BRDA:130,10,0,2
BRDA:130,10,1,0
BRDA:131,11,0,2
BRDA:131,11,1,0
BRDA:132,12,0,2
BRDA:132,12,1,0
BRDA:148,13,0,3
BRDA:148,13,1,1
BRF:25
BRH:22
end_of_record
TN:
SF:TSinjex/src/decorators/Register.ts
FN:110,Register
FN:148,_register
FN:151,(anonymous_2)
FN:179,_registerInstance
FN:189,(anonymous_4)
FN:198,(anonymous_5)
FN:210,(anonymous_6)
FN:241,initializeInstance
FNF:8
FNH:8
FNDA:9,Register
FNDA:1,_register
FNDA:1,(anonymous_2)
FNDA:8,_registerInstance
FNDA:8,(anonymous_4)
FNDA:8,(anonymous_5)
FNDA:4,(anonymous_6)
FNDA:12,initializeInstance
DA:2,1
DA:110,1
DA:121,9
DA:122,9
DA:123,9
DA:125,9
DA:126,1
DA:128,8
DA:151,1
DA:153,1
DA:156,1
DA:189,8
DA:191,8
DA:195,8
DA:199,8
DA:208,8
DA:211,4
DA:220,4
DA:227,8
DA:256,12
DA:257,8
DA:258,4
DA:260,4
DA:263,12
DA:265,12
LF:25
LH:25
BRDA:121,0,0,0
BRDA:121,0,1,9
BRDA:122,1,0,4
BRDA:122,1,1,5
BRDA:125,2,0,1
BRDA:125,2,1,8
BRDA:125,3,0,9
BRDA:125,3,1,5
BRDA:256,4,0,8
BRDA:257,5,0,4
BRDA:257,5,1,4
BRF:11
BRH:10
end_of_record
TN:
SF:TSinjex/src/decorators/RegisterInstance.ts
FN:25,RegisterInstance
FNF:1
FNH:1
FNDA:4,RegisterInstance
DA:1,1
DA:25,1
DA:35,4
DA:37,4
DA:38,2
LF:5
LH:5
BRDA:35,0,0,2
BRDA:35,0,1,2
BRDA:37,1,0,2
BRDA:37,1,1,2
BRF:4
BRH:4
end_of_record
TN:
SF:TSinjex/src/functions/inject.ts
FN:37,inject
FN:45,(anonymous_1)
FN:54,(anonymous_2)
FN:56,(anonymous_3)
FN:83,tryAndCatch
FN:106,hasConstructor
FNF:6
FNH:6
FNDA:10,inject
FNDA:10,(anonymous_1)
FNDA:3,(anonymous_2)
FNDA:1,(anonymous_3)
FNDA:14,tryAndCatch
FNDA:3,hasConstructor
DA:1,1
DA:2,1
DA:37,1
DA:44,10
DA:45,10
DA:51,9
DA:53,7
DA:54,3
DA:56,1
DA:59,7
DA:60,6
DA:61,4
DA:67,2
DA:68,2
DA:70,7
DA:89,14
DA:90,14
DA:92,3
DA:93,2
DA:97,1
DA:107,3
DA:109,3
LF:22
LH:22
BRDA:40,0,0,6
BRDA:51,1,0,7
BRDA:51,1,1,2
BRDA:53,2,0,3
BRDA:53,2,1,4
BRDA:53,3,0,7
BRDA:53,3,1,3
BRDA:55,4,0,1
BRDA:55,4,1,3
BRDA:55,5,0,4
BRDA:55,5,1,3
BRDA:59,6,0,1
BRDA:59,6,1,6
BRDA:60,7,0,4
BRDA:60,7,1,2
BRDA:67,8,0,1
BRDA:68,9,0,0
BRDA:92,10,0,2
BRDA:92,10,1,1
BRDA:93,11,0,2
BRDA:93,11,1,0
BRDA:94,12,0,2
BRDA:94,12,1,0
BRDA:110,13,0,3
BRDA:110,13,1,1
BRF:25
BRH:22
end_of_record
TN:
SF:TSinjex/src/functions/register.ts
FN:33,register
FNF:1
FNH:1
FNDA:1,register
DA:1,1
DA:33,1
DA:38,1
LF:3
LH:3
BRF:0
BRH:0
end_of_record
TN:
SF:TSinjex/src/functions/resolve.ts
FN:35,resolve
FNF:1
FNH:1
FNDA:1,resolve
DA:1,1
DA:35,1
DA:39,1
LF:3
LH:3
BRF:0
BRH:0
end_of_record
TN:
SF:TSinjex/src/interfaces/Exceptions.ts
FN:12,(anonymous_0)
FN:27,(anonymous_1)
FN:43,(anonymous_2)
FN:60,(anonymous_3)
FN:78,(anonymous_4)
FNF:5
FNH:4
FNDA:10,(anonymous_0)
FNDA:6,(anonymous_1)
FNDA:0,(anonymous_2)
FNDA:2,(anonymous_3)
FNDA:2,(anonymous_4)
DA:7,3
DA:13,10
DA:14,10
DA:22,3
DA:28,6
DA:29,6
DA:37,3
DA:44,0
DA:47,0
DA:55,3
DA:61,2
DA:64,2
DA:72,3
DA:79,2
DA:82,2
LF:15
LH:13
BRF:0
BRH:0
end_of_record
